{
  "stats": {
    "suites": 1,
    "tests": 1,
    "passes": 1,
    "pending": 0,
    "failures": 0,
    "start": "2023-12-17T11:49:41.054Z",
    "end": "2023-12-17T11:49:44.933Z",
    "duration": 3879,
    "testsRegistered": 1,
    "passPercent": 100,
    "pendingPercent": 0,
    "other": 0,
    "hasOther": false,
    "skipped": 0,
    "hasSkipped": false
  },
  "results": [
    {
      "uuid": "7a4c8d78-7327-4b44-9954-c9140c64ca84",
      "title": "",
      "fullFile": "cypress\\e2e\\login\\test\\Login.cy.js",
      "file": "cypress\\e2e\\login\\test\\Login.cy.js",
      "beforeHooks": [],
      "afterHooks": [],
      "tests": [],
      "suites": [
        {
          "uuid": "ac180b72-a286-474a-83ab-972275ccd519",
          "title": "Login CMS",
          "fullFile": "",
          "file": "",
          "beforeHooks": [],
          "afterHooks": [],
          "tests": [
            {
              "title": "TCCMS-01 - Input correct username and correct password",
              "fullTitle": "Login CMS TCCMS-01 - Input correct username and correct password",
              "timedOut": null,
              "duration": 3844,
              "state": "passed",
              "speed": "fast",
              "pass": true,
              "fail": false,
              "pending": false,
              "context": null,
              "code": "// memanggil step loginWithValidCredentials dari file step.cy.js\nstep.loginWithValidCredentials();",
              "err": {},
              "uuid": "c87e3e05-64b9-4f1c-a8e8-a9d8451afd2d",
              "parentUUID": "ac180b72-a286-474a-83ab-972275ccd519",
              "isHook": false,
              "skipped": false
            }
          ],
          "suites": [],
          "passes": [
            "c87e3e05-64b9-4f1c-a8e8-a9d8451afd2d"
          ],
          "failures": [],
          "pending": [],
          "skipped": [],
          "duration": 3844,
          "root": false,
          "rootEmpty": false,
          "_timeout": 2000
        }
      ],
      "passes": [],
      "failures": [],
      "pending": [],
      "skipped": [],
      "duration": 0,
      "root": true,
      "rootEmpty": true,
      "_timeout": 2000
    }
  ],
  "meta": {
    "mocha": {
      "version": "7.0.1"
    },
    "mochawesome": {
      "options": {
        "quiet": false,
        "reportFilename": "mochawesome",
        "saveHtml": true,
        "saveJson": true,
        "consoleReporter": "spec",
        "useInlineDiffs": false,
        "code": true
      },
      "version": "7.1.3"
    },
    "marge": {
      "options": null,
      "version": "6.2.0"
    }
  }
}