{
  "stats": {
    "suites": 1,
    "tests": 1,
    "passes": 1,
    "pending": 0,
    "failures": 0,
    "start": "2023-12-02T18:18:31.834Z",
    "end": "2023-12-02T18:18:37.815Z",
    "duration": 5981,
    "testsRegistered": 1,
    "passPercent": 100,
    "pendingPercent": 0,
    "other": 0,
    "hasOther": false,
    "skipped": 0,
    "hasSkipped": false
  },
  "results": [
    {
      "uuid": "9a119df1-08ab-4f76-a7f1-1fdf0e80a770",
      "title": "",
      "fullFile": "cypress\\e2e\\HomePage\\test\\Home.cy.js",
      "file": "cypress\\e2e\\HomePage\\test\\Home.cy.js",
      "beforeHooks": [],
      "afterHooks": [],
      "tests": [],
      "suites": [
        {
          "uuid": "58a7a4e8-5e86-40f2-a350-4bb886ba88b9",
          "title": "Home Page",
          "fullFile": "",
          "file": "",
          "beforeHooks": [],
          "afterHooks": [],
          "tests": [
            {
              "title": "TCHP-02 - Search news with random input",
              "fullTitle": "Home Page TCHP-02 - Search news with random input",
              "timedOut": null,
              "duration": 5896,
              "state": "passed",
              "speed": "medium",
              "pass": true,
              "fail": false,
              "pending": false,
              "context": null,
              "code": "// memanggil step searchNewsWithRandomInput dari file step.cy.js\nstep.searchNewsWithRandomInput();",
              "err": {},
              "uuid": "4695df6f-2a59-4ab1-b42d-7e7f9953c7c5",
              "parentUUID": "58a7a4e8-5e86-40f2-a350-4bb886ba88b9",
              "isHook": false,
              "skipped": false
            }
          ],
          "suites": [],
          "passes": [
            "4695df6f-2a59-4ab1-b42d-7e7f9953c7c5"
          ],
          "failures": [],
          "pending": [],
          "skipped": [],
          "duration": 5896,
          "root": false,
          "rootEmpty": false,
          "_timeout": 2000
        }
      ],
      "passes": [],
      "failures": [],
      "pending": [],
      "skipped": [],
      "duration": 0,
      "root": true,
      "rootEmpty": true,
      "_timeout": 2000
    }
  ],
  "meta": {
    "mocha": {
      "version": "7.0.1"
    },
    "mochawesome": {
      "options": {
        "quiet": false,
        "reportFilename": "mochawesome",
        "saveHtml": true,
        "saveJson": true,
        "consoleReporter": "spec",
        "useInlineDiffs": false,
        "code": true
      },
      "version": "7.1.3"
    },
    "marge": {
      "options": {
        "reportdir": "cypress/report/mochawesome-report",
        "overwrite": true,
        "html": true,
        "json": true,
        "timestamp": "mmddyyyy_HHMMss"
      },
      "version": "6.2.0"
    }
  }
}