{
  "stats": {
    "suites": 1,
    "tests": 1,
    "passes": 1,
    "pending": 0,
    "failures": 0,
    "start": "2023-12-02T18:02:15.570Z",
    "end": "2023-12-02T18:02:21.169Z",
    "duration": 5599,
    "testsRegistered": 1,
    "passPercent": 100,
    "pendingPercent": 0,
    "other": 0,
    "hasOther": false,
    "skipped": 0,
    "hasSkipped": false
  },
  "results": [
    {
      "uuid": "66dcd42e-052b-40b1-9df3-2f2c97a42f89",
      "title": "",
      "fullFile": "cypress\\e2e\\HomePage\\test\\Home.cy.js",
      "file": "cypress\\e2e\\HomePage\\test\\Home.cy.js",
      "beforeHooks": [],
      "afterHooks": [],
      "tests": [],
      "suites": [
        {
          "uuid": "1bab19f0-0e8c-424c-8b5f-baa4b4737432",
          "title": "Home Page",
          "fullFile": "",
          "file": "",
          "beforeHooks": [],
          "afterHooks": [],
          "tests": [
            {
              "title": "TCHP-02 - Search news with random input",
              "fullTitle": "Home Page TCHP-02 - Search news with random input",
              "timedOut": null,
              "duration": 5544,
              "state": "passed",
              "speed": "medium",
              "pass": true,
              "fail": false,
              "pending": false,
              "context": null,
              "code": "// memanggil step searchNewsWithRandomInput dari file step.cy.js\nstep.searchNewsWithRandomInput();",
              "err": {},
              "uuid": "beda1ed8-a899-49c2-b40b-1612e89901df",
              "parentUUID": "1bab19f0-0e8c-424c-8b5f-baa4b4737432",
              "isHook": false,
              "skipped": false
            }
          ],
          "suites": [],
          "passes": [
            "beda1ed8-a899-49c2-b40b-1612e89901df"
          ],
          "failures": [],
          "pending": [],
          "skipped": [],
          "duration": 5544,
          "root": false,
          "rootEmpty": false,
          "_timeout": 2000
        }
      ],
      "passes": [],
      "failures": [],
      "pending": [],
      "skipped": [],
      "duration": 0,
      "root": true,
      "rootEmpty": true,
      "_timeout": 2000
    }
  ],
  "meta": {
    "mocha": {
      "version": "7.0.1"
    },
    "mochawesome": {
      "options": {
        "quiet": false,
        "reportFilename": "mochawesome",
        "saveHtml": true,
        "saveJson": true,
        "consoleReporter": "spec",
        "useInlineDiffs": false,
        "code": true
      },
      "version": "7.1.3"
    },
    "marge": {
      "options": {
        "reportdir": "cypress/report/mochawesome-report",
        "overwrite": false,
        "html": true,
        "json": true,
        "timestamp": "mmddyyyy_HHMMss"
      },
      "version": "6.2.0"
    }
  }
}