{
  "stats": {
    "suites": 1,
    "tests": 1,
    "passes": 1,
    "pending": 0,
    "failures": 0,
    "start": "2023-12-02T18:03:02.186Z",
    "end": "2023-12-02T18:03:08.182Z",
    "duration": 5996,
    "testsRegistered": 1,
    "passPercent": 100,
    "pendingPercent": 0,
    "other": 0,
    "hasOther": false,
    "skipped": 0,
    "hasSkipped": false
  },
  "results": [
    {
      "uuid": "f7fa1654-26ec-4530-bce1-2f00680cad4c",
      "title": "",
      "fullFile": "cypress\\e2e\\HomePage\\test\\Home.cy.js",
      "file": "cypress\\e2e\\HomePage\\test\\Home.cy.js",
      "beforeHooks": [],
      "afterHooks": [],
      "tests": [],
      "suites": [
        {
          "uuid": "d003e6d5-8ab1-4ad5-aa57-bd52641d5023",
          "title": "Home Page",
          "fullFile": "",
          "file": "",
          "beforeHooks": [],
          "afterHooks": [],
          "tests": [
            {
              "title": "TCHP-02 - Search news with random input",
              "fullTitle": "Home Page TCHP-02 - Search news with random input",
              "timedOut": null,
              "duration": 5939,
              "state": "passed",
              "speed": "medium",
              "pass": true,
              "fail": false,
              "pending": false,
              "context": null,
              "code": "// memanggil step searchNewsWithRandomInput dari file step.cy.js\nstep.searchNewsWithRandomInput();",
              "err": {},
              "uuid": "d0fb52b5-71a5-4ac5-b728-efe109e88416",
              "parentUUID": "d003e6d5-8ab1-4ad5-aa57-bd52641d5023",
              "isHook": false,
              "skipped": false
            }
          ],
          "suites": [],
          "passes": [
            "d0fb52b5-71a5-4ac5-b728-efe109e88416"
          ],
          "failures": [],
          "pending": [],
          "skipped": [],
          "duration": 5939,
          "root": false,
          "rootEmpty": false,
          "_timeout": 2000
        }
      ],
      "passes": [],
      "failures": [],
      "pending": [],
      "skipped": [],
      "duration": 0,
      "root": true,
      "rootEmpty": true,
      "_timeout": 2000
    }
  ],
  "meta": {
    "mocha": {
      "version": "7.0.1"
    },
    "mochawesome": {
      "options": {
        "quiet": false,
        "reportFilename": "mochawesome",
        "saveHtml": true,
        "saveJson": true,
        "consoleReporter": "spec",
        "useInlineDiffs": false,
        "code": true
      },
      "version": "7.1.3"
    },
    "marge": {
      "options": {
        "reportdir": "cypress/report/mochawesome-report",
        "overwrite": false,
        "html": true,
        "json": true,
        "timestamp": "mmddyyyy_HHMMss",
        "timestampInFooter": true
      },
      "version": "6.2.0"
    }
  }
}