{
  "stats": {
    "suites": 1,
    "tests": 1,
    "passes": 1,
    "pending": 0,
    "failures": 0,
    "start": "2023-12-02T18:05:25.500Z",
    "end": "2023-12-02T18:05:52.237Z",
    "duration": 26737,
    "testsRegistered": 1,
    "passPercent": 100,
    "pendingPercent": 0,
    "other": 0,
    "hasOther": false,
    "skipped": 0,
    "hasSkipped": false
  },
  "results": [
    {
      "uuid": "8a14a978-b553-4221-9075-8e56a05562a8",
      "title": "",
      "fullFile": "cypress\\e2e\\HomePage\\test\\Home.cy.js",
      "file": "cypress\\e2e\\HomePage\\test\\Home.cy.js",
      "beforeHooks": [],
      "afterHooks": [],
      "tests": [],
      "suites": [
        {
          "uuid": "6df9bd9f-48c6-4878-b6a0-ffd3f6938f0d",
          "title": "Home Page",
          "fullFile": "",
          "file": "",
          "beforeHooks": [],
          "afterHooks": [],
          "tests": [
            {
              "title": "TCHP-02 - Search news with random input",
              "fullTitle": "Home Page TCHP-02 - Search news with random input",
              "timedOut": null,
              "duration": 26672,
              "state": "passed",
              "speed": "slow",
              "pass": true,
              "fail": false,
              "pending": false,
              "context": null,
              "code": "// memanggil step searchNewsWithRandomInput dari file step.cy.js\nstep.searchNewsWithRandomInput();",
              "err": {},
              "uuid": "9c777932-78d7-4ac1-bca6-54015f7f912f",
              "parentUUID": "6df9bd9f-48c6-4878-b6a0-ffd3f6938f0d",
              "isHook": false,
              "skipped": false
            }
          ],
          "suites": [],
          "passes": [
            "9c777932-78d7-4ac1-bca6-54015f7f912f"
          ],
          "failures": [],
          "pending": [],
          "skipped": [],
          "duration": 26672,
          "root": false,
          "rootEmpty": false,
          "_timeout": 2000
        }
      ],
      "passes": [],
      "failures": [],
      "pending": [],
      "skipped": [],
      "duration": 0,
      "root": true,
      "rootEmpty": true,
      "_timeout": 2000
    }
  ],
  "meta": {
    "mocha": {
      "version": "7.0.1"
    },
    "mochawesome": {
      "options": {
        "quiet": false,
        "reportFilename": "mochawesome",
        "saveHtml": true,
        "saveJson": true,
        "consoleReporter": "spec",
        "useInlineDiffs": false,
        "code": true
      },
      "version": "7.1.3"
    },
    "marge": {
      "options": {
        "reportdir": "cypress/report/mochawesome-report",
        "overwrite": false,
        "html": true,
        "json": true,
        "timestamp": "mmddyyyy_HHMMss",
        "timestampInFooter": true,
        "timestampFormat": "dddd, MMMM Do YYYY, h:mm:ss a"
      },
      "version": "6.2.0"
    }
  }
}