{
  "stats": {
    "suites": 1,
    "tests": 2,
    "passes": 2,
    "pending": 0,
    "failures": 0,
    "start": "2023-12-23T10:26:32.469Z",
    "end": "2023-12-23T10:26:41.032Z",
    "duration": 8563,
    "testsRegistered": 2,
    "passPercent": 100,
    "pendingPercent": 0,
    "other": 0,
    "hasOther": false,
    "skipped": 0,
    "hasSkipped": false
  },
  "results": [
    {
      "uuid": "7afa642a-7b34-4e45-a7fe-79314a64e435",
      "title": "",
      "fullFile": "cypress\\e2e\\HomePage\\test\\Home.cy.js",
      "file": "cypress\\e2e\\HomePage\\test\\Home.cy.js",
      "beforeHooks": [],
      "afterHooks": [],
      "tests": [],
      "suites": [
        {
          "uuid": "af4bfee5-7c49-4039-8a63-3b031c864fbe",
          "title": "Home Page",
          "fullFile": "",
          "file": "",
          "beforeHooks": [],
          "afterHooks": [],
          "tests": [
            {
              "title": "TCHP-01 - Search news with correct input",
              "fullTitle": "Home Page TCHP-01 - Search news with correct input",
              "timedOut": null,
              "duration": 2851,
              "state": "passed",
              "speed": "fast",
              "pass": true,
              "fail": false,
              "pending": false,
              "context": null,
              "code": "// memanggil step searchNewsWithCorrectInput dari file step.cy.js\nstep.searchNewsWithCorrectInput();",
              "err": {},
              "uuid": "27e38fb2-a004-4d38-b710-a3d9e5cdae65",
              "parentUUID": "af4bfee5-7c49-4039-8a63-3b031c864fbe",
              "isHook": false,
              "skipped": false
            },
            {
              "title": "TCHP-02 - Search news with random input",
              "fullTitle": "Home Page TCHP-02 - Search news with random input",
              "timedOut": null,
              "duration": 5542,
              "state": "passed",
              "speed": "medium",
              "pass": true,
              "fail": false,
              "pending": false,
              "context": null,
              "code": "// memanggil step searchNewsWithRandomInput dari file step.cy.js\nstep.searchNewsWithRandomInput();",
              "err": {},
              "uuid": "c6ef0573-ad8b-4d53-8615-4ddf7b8f4fcf",
              "parentUUID": "af4bfee5-7c49-4039-8a63-3b031c864fbe",
              "isHook": false,
              "skipped": false
            }
          ],
          "suites": [],
          "passes": [
            "27e38fb2-a004-4d38-b710-a3d9e5cdae65",
            "c6ef0573-ad8b-4d53-8615-4ddf7b8f4fcf"
          ],
          "failures": [],
          "pending": [],
          "skipped": [],
          "duration": 8393,
          "root": false,
          "rootEmpty": false,
          "_timeout": 2000
        }
      ],
      "passes": [],
      "failures": [],
      "pending": [],
      "skipped": [],
      "duration": 0,
      "root": true,
      "rootEmpty": true,
      "_timeout": 2000
    }
  ],
  "meta": {
    "mocha": {
      "version": "7.0.1"
    },
    "mochawesome": {
      "options": {
        "quiet": false,
        "reportFilename": "mochawesome",
        "saveHtml": true,
        "saveJson": true,
        "consoleReporter": "spec",
        "useInlineDiffs": false,
        "code": true
      },
      "version": "7.1.3"
    },
    "marge": {
      "options": {
        "reportdir": "cypress/report/mochawesome-report",
        "overwrite": true,
        "html": true,
        "json": true,
        "timestampInFooter": true,
        "inline": true
      },
      "version": "6.2.0"
    }
  }
}